Cadence Genus(TM) Synthesis Solution.
Copyright 2022 Cadence Design Systems, Inc. All rights reserved worldwide.
Cadence and the Cadence logo are registered trademarks and Genus is a trademark
of Cadence Design Systems, Inc. in the United States and other countries.

[09:27:13.095665] Configured Lic search path (21.01-s002): 5280@cadence

Version: 21.14-s082_1, built Thu Jun 23 02:02:08 PDT 2022
Options: -files run.tcl 
Date:    Tue Jun 23 09:27:13 2026
Host:    cadence (x86_64 w/Linux 4.18.0-425.3.1.el8.x86_64) (8cores*16cpus*1physical cpu*Intel(R) Core(TM) i7-10875H CPU @ 2.30GHz 16384KB) (32312612KB)
PID:     810923
OS:      Red Hat Enterprise Linux release 8.7 (Ootpa)


[09:27:13.141032] Periodic Lic check successful
[09:27:13.141040] Feature usage summary:
[09:27:13.141040] Genus_Synthesis
Checking out license: Genus_Synthesis


***********************************************************************************************************
***********************************************************************************************************



Loading tool scripts...
Finished loading tool scripts (10 seconds elapsed).

#@ Processing -files option
@genus 1> source run.tcl
#@ Begin verbose source ./run.tcl
@file(run.tcl) 1: read_libs /home/install/FOUNDRY/digital/90nm/dig/lib/slow.lib

Threads Configured:3

  Message Summary for Library slow.lib:
  *************************************
  Missing a function attribute in the output pin definition. [LBR-518]: 1
  Missing library level attribute. [LBR-516]: 1
  *************************************
 
Info    : Created nominal operating condition. [LBR-412]
        : Operating condition '_nominal_' was created for the PVT values (1.000000, 0.900000, 125.000000) in library 'slow.lib'.
        : The nominal operating condition is represented, either by the nominal PVT values specified in the library source (via nom_process,nom_voltage and nom_temperature respectively), or by the default PVT values (1.0,1.0,1.0).
@file(run.tcl) 2: read_hdl booth.v
reg [3:0] A =  4'b0;
                   |
Warning : Ignoring unsynthesizable construct. [VLOGPT-37]
        : Initial value assignment to reg in file 'booth.v' on line 16, column 20.
        : For example, the following constructs will be ignored:
    - initial block
    - final block
    - program block
    - property block
    - sequence block
    - covergroup
    - checker block
    - gate drive strength
    - system task enable
    - reg declaration with initial value
    - specify block.
reg Q_minus_one =  0;
                    |
Warning : Ignoring unsynthesizable construct. [VLOGPT-37]
        : Initial value assignment to reg in file 'booth.v' on line 17, column 21.
reg [3:0] Q_temp =  4'b0;
                        |
Warning : Ignoring unsynthesizable construct. [VLOGPT-37]
        : Initial value assignment to reg in file 'booth.v' on line 18, column 25.
reg [3:0] M_temp =  4'b0;
                        |
Warning : Ignoring unsynthesizable construct. [VLOGPT-37]
        : Initial value assignment to reg in file 'booth.v' on line 19, column 25.
reg [2:0] Count =  3'd4;
                       |
Warning : Ignoring unsynthesizable construct. [VLOGPT-37]
        : Initial value assignment to reg in file 'booth.v' on line 20, column 24.
@file(run.tcl) 3: elaborate
  Library has 324 usable logic and 128 usable sequential lib-cells.
Info    : Elaborating Design. [ELAB-1]
        : Elaborating top-level block 'booth_multiplier' from file 'booth.v'.
Info    : Done Elaborating Design. [ELAB-3]
        : Done elaborating 'booth_multiplier'.
Checking for analog nets...
Check completed for analog nets.
Checking for source RTL...
Check completed for source RTL.
Running Unified Mux Engine Tricks...
Completed Unified Mux Engine Tricks

Stage: post_elab
--------------------------------------------------------
| Trick             | Accepts | Rejects | Runtime (ms) | 
--------------------------------------------------------
| ume_constant_bmux |       0 |       0 |         0.00 | 
--------------------------------------------------------
Starting clip mux common data inputs [v1.0] (stage: post_elab, startdef: booth_multiplier, recur: true)
Completed clip mux common data inputs (accepts: 0, rejects: 0, runtime: 0.000s)
Starting clip the non-user hierarchies [v2.0] (stage: post_elab, startdef: booth_multiplier, recur: true)
Completed clip the non-user hierarchies (accepts: 0, rejects: 0, runtime: 0.000s)

Stage: post_elab
---------------------------------------------------------
| Transform          | Accepts | Rejects | Runtime (ms) | 
---------------------------------------------------------
| hlo_clip_mux_input |       0 |       0 |         0.00 | 
| hlo_clip           |       0 |       0 |         0.00 | 
---------------------------------------------------------
UM:   flow.cputime  flow.realtime  timing.setup.tns  timing.setup.wns  snapshot
UM:*                                                                   elaborate
@file(run.tcl) 4: read_sdc input_constraints.sdc
Error: Unable to open input_constraints.sdc
#@ End verbose source ./run.tcl
Failed on read_sdc
Encountered problems processing file: run.tcl
WARNING: This version of the tool is 1460 days old.
