
Cadence Innovus(TM) Implementation System.
Copyright 2021 Cadence Design Systems, Inc. All rights reserved worldwide.

Version:	v21.15-s110_1, built Fri Sep 23 13:08:12 PDT 2022
Options:	
Date:		Tue Jun 23 09:58:24 2026
Host:		cadence (x86_64 w/Linux 4.18.0-425.3.1.el8.x86_64) (8cores*16cpus*Intel(R) Core(TM) i7-10875H CPU @ 2.30GHz 16384KB)
OS:		Red Hat Enterprise Linux release 8.7 (Ootpa)

License:
		[09:58:24.095713] Configured Lic search path (21.01-s002): 5280@cadence

		invs	Innovus Implementation System	21.1	checkout succeeded
		8 CPU jobs allowed with the current license(s). Use setMultiCpuUsage to set your required CPU count.
Change the soft stacksize limit to 0.2%RAM (63 mbytes). Set global soft_stack_size_limit to change the value.

**INFO:  MMMC transition support version v31-84 

<CMD> set_global _enable_mmmc_by_default_flow      $CTE::mmmc_default
<CMD> suppressMessage ENCEXT-2799
<CMD> getVersion
<CMD> getVersion
<CMD> getVersion
[INFO] Loading PVS 22.20 fill procedures
<CMD> win
<CMD> set init_gnd_net VSS
<CMD> set init_lef_file ../../../../install/FOUNDRY/digital/90nm/dig/lef/gsclib090_translated.lef
<CMD> set init_verilog ../synthesis/booth_netlist.v
<CMD> set init_mmmc_file Default.view
<CMD> set init_pwr_net VDD
<CMD> init_design
#% Begin Load MMMC data ... (date=06/23 10:01:24, mem=964.9M)
**ERROR: (TCLCMD-989):	cannot open SDC file 'constraints.sdc' for mode 'sdc'
<CMD> save_global Default.globals
<CMD> set init_gnd_net VSS
<CMD> set init_lef_file ../../../../install/FOUNDRY/digital/90nm/dig/lef/gsclib090_translated.lef
<CMD> set init_verilog ../synthesis/booth_netlist.v
<CMD> set init_mmmc_file Default.view
<CMD> set init_pwr_net VDD
<CMD> init_design
% Begin Load MMMC data ... (date=06/23 10:01:30, mem=965.1M)
Extraction setup Started 
**ERROR: (TCLCMD-989):	cannot open SDC file 'constraints.sdc' for mode 'sdc'
<CMD> set init_gnd_net VSS
<CMD> set init_lef_file ../../../../install/FOUNDRY/digital/90nm/dig/lef/gsclib090_translated.lef
<CMD> set init_verilog ../synthesis/booth_netlist.v
<CMD> set init_mmmc_file Default.view
<CMD> set init_pwr_net VDD
<CMD> init_design
% Begin Load MMMC data ... (date=06/23 10:01:45, mem=967.4M)
Extraction setup Started 
**ERROR: (TCLCMD-989):	cannot open SDC file 'constraints.sdc' for mode 'sdc'
<CMD> save_global Default.globals
<CMD> set init_gnd_net VSS
<CMD> set init_lef_file ../../../../install/FOUNDRY/digital/90nm/dig/lef/gsclib090_translated.lef
<CMD> set init_verilog ../synthesis/booth_netlist.v
<CMD> set init_mmmc_file Default.view
<CMD> set init_pwr_net VDD
<CMD> init_design
% Begin Load MMMC data ... (date=06/23 10:02:01, mem=967.8M)
Extraction setup Started 
**ERROR: (TCLCMD-989):	cannot open SDC file 'constraints.sdc' for mode 'sdc'
<CMD> save_global Default.globals
<CMD> set init_gnd_net VSS
<CMD> set init_lef_file ../../../../install/FOUNDRY/digital/90nm/dig/lef/gsclib090_translated.lef
<CMD> set init_verilog ../synthesis/booth_netlist.v
<CMD> set init_mmmc_file Default.view
<CMD> set init_pwr_net VDD
<CMD> init_design
% Begin Load MMMC data ... (date=06/23 10:05:29, mem=740.4M)
Extraction setup Started 
**ERROR: (TCLCMD-989):	cannot open SDC file 'constraints.sdc' for mode 'sdc'
<CMD> save_global Default.globals
<CMD> set init_gnd_net VSS
<CMD> set init_lef_file ../../../../install/FOUNDRY/digital/90nm/dig/lef/gsclib090_translated.lef
<CMD> set init_verilog ../synthesis/booth_netlist.v
<CMD> set init_pwr_net VDD
<CMD> init_design
% Begin Load MMMC data ... (date=06/23 10:07:36, mem=707.5M)
**ERROR: (TCLCMD-995):	Can not open file './home/install/FOUNDRY/digital/90nm/dig/captable/gpdk090.lef.extended.CapTbl' for RC corner
<CMD> set init_gnd_net VSS
<CMD> set init_lef_file ../../../../install/FOUNDRY/digital/90nm/dig/lef/gsclib090_translated.lef
<CMD> set init_verilog ../synthesis/booth_netlist.v
<CMD> set init_pwr_net VDD
<CMD> init_design
% Begin Load MMMC data ... (date=06/23 10:07:38, mem=707.4M)
**ERROR: (TCLCMD-995):	Can not open file './home/install/FOUNDRY/digital/90nm/dig/captable/gpdk090.lef.extended.CapTbl' for RC corner
<CMD> set init_gnd_net VSS
<CMD> set init_lef_file ../../../../install/FOUNDRY/digital/90nm/dig/lef/gsclib090_translated.lef
<CMD> set init_verilog ../synthesis/booth_netlist.v
<CMD> set init_pwr_net VDD
<CMD> init_design
% Begin Load MMMC data ... (date=06/23 10:07:39, mem=707.4M)
**ERROR: (TCLCMD-995):	Can not open file './home/install/FOUNDRY/digital/90nm/dig/captable/gpdk090.lef.extended.CapTbl' for RC corner
<CMD> set init_gnd_net VSS
<CMD> set init_lef_file ../../../../install/FOUNDRY/digital/90nm/dig/lef/gsclib090_translated.lef
<CMD> set init_verilog ../synthesis/booth_netlist.v
<CMD> set init_pwr_net VDD
<CMD> init_design
% Begin Load MMMC data ... (date=06/23 10:07:39, mem=707.4M)
**ERROR: (TCLCMD-995):	Can not open file './home/install/FOUNDRY/digital/90nm/dig/captable/gpdk090.lef.extended.CapTbl' for RC corner
<CMD> set init_gnd_net VSS
<CMD> set init_lef_file ../../../../install/FOUNDRY/digital/90nm/dig/lef/gsclib090_translated.lef
<CMD> set init_verilog ../synthesis/booth_netlist.v
<CMD> set init_pwr_net VDD
<CMD> init_design
% Begin Load MMMC data ... (date=06/23 10:07:39, mem=707.4M)
**ERROR: (TCLCMD-995):	Can not open file './home/install/FOUNDRY/digital/90nm/dig/captable/gpdk090.lef.extended.CapTbl' for RC corner
<CMD> set init_gnd_net VSS
<CMD> set init_lef_file ../../../../install/FOUNDRY/digital/90nm/dig/lef/gsclib090_translated.lef
<CMD> set init_verilog ../synthesis/booth_netlist.v
<CMD> set init_pwr_net VDD
<CMD> init_design
% Begin Load MMMC data ... (date=06/23 10:08:40, mem=703.0M)
**ERROR: (TCLCMD-995):	Can not open file './home/install/FOUNDRY/digital/90nm/dig/captable/gpdk090.lef.extended.CapTbl' for RC corner
<CMD> set init_gnd_net VSS
<CMD> set init_lef_file ../../../../install/FOUNDRY/digital/90nm/dig/lef/gsclib090_translated.lef
<CMD> set init_verilog ../synthesis/booth_netlist.v
<CMD> set init_pwr_net VDD
<CMD> init_design
% Begin Load MMMC data ... (date=06/23 10:08:41, mem=703.0M)
**ERROR: (TCLCMD-995):	Can not open file './home/install/FOUNDRY/digital/90nm/dig/captable/gpdk090.lef.extended.CapTbl' for RC corner
<CMD> set init_gnd_net VSS
<CMD> set init_lef_file ../../../../install/FOUNDRY/digital/90nm/dig/lef/gsclib090_translated.lef
<CMD> set init_verilog ../synthesis/booth_netlist.v
<CMD> set init_pwr_net VDD
<CMD> init_design
% Begin Load MMMC data ... (date=06/23 10:08:41, mem=703.0M)
**ERROR: (TCLCMD-995):	Can not open file './home/install/FOUNDRY/digital/90nm/dig/captable/gpdk090.lef.extended.CapTbl' for RC corner
<CMD> set init_gnd_net VSS
<CMD> set init_lef_file ../../../../install/FOUNDRY/digital/90nm/dig/lef/gsclib090_translated.lef
<CMD> set init_verilog ../synthesis/booth_netlist.v
<CMD> set init_pwr_net VDD
<CMD> init_design
% Begin Load MMMC data ... (date=06/23 10:08:41, mem=703.0M)
**ERROR: (TCLCMD-995):	Can not open file './home/install/FOUNDRY/digital/90nm/dig/captable/gpdk090.lef.extended.CapTbl' for RC corner
<CMD> set init_gnd_net VSS
<CMD> set init_lef_file ../../../../install/FOUNDRY/digital/90nm/dig/lef/gsclib090_translated.lef
<CMD> set init_verilog ../synthesis/booth_netlist.v
<CMD> set init_pwr_net VDD
<CMD> init_design
% Begin Load MMMC data ... (date=06/23 10:08:41, mem=703.0M)
**ERROR: (TCLCMD-995):	Can not open file './home/install/FOUNDRY/digital/90nm/dig/captable/gpdk090.lef.extended.CapTbl' for RC corner
<CMD> set init_gnd_net VSS
<CMD> set init_lef_file ../../../../install/FOUNDRY/digital/90nm/dig/lef/gsclib090_translated.lef
<CMD> set init_verilog ../synthesis/booth_netlist.v
<CMD> set init_pwr_net VDD
<CMD> init_design
% Begin Load MMMC data ... (date=06/23 10:08:41, mem=703.0M)
**ERROR: (TCLCMD-995):	Can not open file './home/install/FOUNDRY/digital/90nm/dig/captable/gpdk090.lef.extended.CapTbl' for RC corner
<CMD> set init_gnd_net VSS
<CMD> set init_lef_file ../../../../install/FOUNDRY/digital/90nm/dig/lef/gsclib090_translated.lef
<CMD> set init_verilog ../synthesis/booth_netlist.v
<CMD> set init_pwr_net VDD
<CMD> init_design
% Begin Load MMMC data ... (date=06/23 10:08:41, mem=703.0M)
**ERROR: (TCLCMD-995):	Can not open file './home/install/FOUNDRY/digital/90nm/dig/captable/gpdk090.lef.extended.CapTbl' for RC corner
<CMD> set init_gnd_net VSS
<CMD> set init_lef_file ../../../../install/FOUNDRY/digital/90nm/dig/lef/gsclib090_translated.lef
<CMD> set init_verilog ../synthesis/booth_netlist.v
<CMD> set init_pwr_net VDD
<CMD> init_design
% Begin Load MMMC data ... (date=06/23 10:08:42, mem=703.0M)
**ERROR: (TCLCMD-995):	Can not open file './home/install/FOUNDRY/digital/90nm/dig/captable/gpdk090.lef.extended.CapTbl' for RC corner
<CMD> set init_gnd_net VSS
<CMD> set init_lef_file ../../../../install/FOUNDRY/digital/90nm/dig/lef/gsclib090_translated.lef
<CMD> set init_verilog ../synthesis/booth_netlist.v
<CMD> set init_pwr_net VDD
<CMD> init_design
% Begin Load MMMC data ... (date=06/23 10:08:42, mem=703.0M)
**ERROR: (TCLCMD-995):	Can not open file './home/install/FOUNDRY/digital/90nm/dig/captable/gpdk090.lef.extended.CapTbl' for RC corner
<CMD> set init_gnd_net VSS
<CMD> set init_lef_file ../../../../install/FOUNDRY/digital/90nm/dig/lef/gsclib090_translated.lef
<CMD> set init_verilog ../synthesis/booth_netlist.v
<CMD> set init_pwr_net VDD
<CMD> init_design
% Begin Load MMMC data ... (date=06/23 10:08:42, mem=703.0M)
**ERROR: (TCLCMD-995):	Can not open file './home/install/FOUNDRY/digital/90nm/dig/captable/gpdk090.lef.extended.CapTbl' for RC corner
<CMD> set init_gnd_net VSS
<CMD> set init_lef_file ../../../../install/FOUNDRY/digital/90nm/dig/lef/gsclib090_translated.lef
<CMD> set init_verilog ../synthesis/booth_netlist.v
<CMD> set init_pwr_net VDD
<CMD> init_design
% Begin Load MMMC data ... (date=06/23 10:08:42, mem=703.0M)
**ERROR: (TCLCMD-995):	Can not open file './home/install/FOUNDRY/digital/90nm/dig/captable/gpdk090.lef.extended.CapTbl' for RC corner
<CMD> set init_gnd_net VSS
<CMD> set init_lef_file ../../../../install/FOUNDRY/digital/90nm/dig/lef/gsclib090_translated.lef
<CMD> set init_verilog ../synthesis/booth_netlist.v
<CMD> set init_pwr_net VDD
<CMD> init_design
% Begin Load MMMC data ... (date=06/23 10:08:42, mem=703.0M)
**ERROR: (TCLCMD-995):	Can not open file './home/install/FOUNDRY/digital/90nm/dig/captable/gpdk090.lef.extended.CapTbl' for RC corner
<CMD> set init_gnd_net VSS
<CMD> set init_lef_file ../../../../install/FOUNDRY/digital/90nm/dig/lef/gsclib090_translated.lef
<CMD> set init_verilog ../synthesis/booth_netlist.v
<CMD> set init_pwr_net VDD
<CMD> init_design
% Begin Load MMMC data ... (date=06/23 10:08:43, mem=703.0M)
**ERROR: (TCLCMD-995):	Can not open file './home/install/FOUNDRY/digital/90nm/dig/captable/gpdk090.lef.extended.CapTbl' for RC corner
<CMD> set init_gnd_net VSS
<CMD> set init_lef_file ../../../../install/FOUNDRY/digital/90nm/dig/lef/gsclib090_translated.lef
<CMD> set init_verilog ../synthesis/booth_netlist.v
<CMD> set init_pwr_net VDD
<CMD> init_design
% Begin Load MMMC data ... (date=06/23 10:08:43, mem=703.0M)
**ERROR: (TCLCMD-995):	Can not open file './home/install/FOUNDRY/digital/90nm/dig/captable/gpdk090.lef.extended.CapTbl' for RC corner
<CMD> set init_gnd_net VSS
<CMD> set init_lef_file ../../../../install/FOUNDRY/digital/90nm/dig/lef/gsclib090_translated.lef
<CMD> set init_verilog ../synthesis/booth_netlist.v
<CMD> set init_pwr_net VDD
<CMD> init_design
% Begin Load MMMC data ... (date=06/23 10:08:43, mem=703.0M)
**ERROR: (TCLCMD-995):	Can not open file './home/install/FOUNDRY/digital/90nm/dig/captable/gpdk090.lef.extended.CapTbl' for RC corner
<CMD> set init_gnd_net VSS
<CMD> set init_lef_file ../../../../install/FOUNDRY/digital/90nm/dig/lef/gsclib090_translated.lef
<CMD> set init_verilog ../synthesis/booth_netlist.v
<CMD> set init_pwr_net VDD
<CMD> init_design
% Begin Load MMMC data ... (date=06/23 10:09:42, mem=703.0M)
<CMD> save_global Default.globals
<CMD> set init_gnd_net VSS
<CMD> set init_lef_file ../../../../install/FOUNDRY/digital/90nm/dig/lef/gsclib090_translated.lef
<CMD> set init_verilog ../synthesis/booth_netlist.v
<CMD> set init_pwr_net VDD
<CMD> init_design
% Begin Load MMMC data ... (date=06/23 10:09:46, mem=703.1M)
<CMD> set init_gnd_net VSS
<CMD> set init_lef_file ../../../../install/FOUNDRY/digital/90nm/dig/lef/gsclib090_translated.lef
<CMD> set init_verilog ../synthesis/booth_netlist.v
<CMD> set init_pwr_net VDD
<CMD> init_design
% Begin Load MMMC data ... (date=06/23 10:09:46, mem=703.1M)
<CMD> set init_gnd_net VSS
<CMD> set init_lef_file ../../../../install/FOUNDRY/digital/90nm/dig/lef/gsclib090_translated.lef
<CMD> set init_verilog ../synthesis/booth_netlist.v
<CMD> set init_pwr_net VDD
<CMD> init_design
% Begin Load MMMC data ... (date=06/23 10:11:12, mem=678.8M)
<CMD> set init_gnd_net VSS
<CMD> set init_lef_file ../../../../install/FOUNDRY/digital/90nm/dig/lef/gsclib090_translated.lef
<CMD> set init_verilog ../synthesis/booth_netlist.v
<CMD> set init_pwr_net VDD
<CMD> init_design
% Begin Load MMMC data ... (date=06/23 10:15:06, mem=612.5M)
Extraction setup Started 
% End Load MMMC data ... (date=06/23 10:15:06, total cpu=0:00:00.0, real=0:00:00.0, peak res=612.9M, current mem=612.9M)
rc_corner

Loading LEF file ../../../../install/FOUNDRY/digital/90nm/dig/lef/gsclib090_translated.lef ...
**WARN: (IMPLF-105):	The layer 'Oxide' specified in SAMENET spacing
rule is neither a routing layer nor a cut layer. The rule is ignored.
**WARN: (IMPLF-105):	The layer 'Poly' specified in SAMENET spacing
rule is neither a routing layer nor a cut layer. The rule is ignored.
Set DBUPerIGU to M2 pitch 580.
**WARN: (IMPLF-200):	Pin 'A' in macro 'ANTENNA' has no ANTENNAGATEAREA value defined. The library data is incomplete and some process antenna rules will not be checked correctly.
Type 'man IMPLF-200' for more detail.

##  Check design process and node:  
##  Both design process and tech node are not set.

Loading view definition file from Default.view
Reading slow timing library '/home/install/FOUNDRY/digital/90nm/dig/lib/slow.lib' ...
Read 479 cells in library 'slow' 
*** End library_loading (cpu=0.01min, real=0.00min, mem=22.0M, fe_cpu=4.10min, fe_real=16.70min, fe_mem=1071.6M) ***
% Begin Load netlist data ... (date=06/23 10:15:06, mem=632.3M)
*** Begin netlist parsing (mem=1071.6M) ***
**WARN: (IMPVL-159):	Pin 'VDD' of cell 'XOR3XL' is defined in LEF but not in the timing library.
Type 'man IMPVL-159' for more detail.
**WARN: (IMPVL-159):	Pin 'VSS' of cell 'XOR3XL' is defined in LEF but not in the timing library.
Type 'man IMPVL-159' for more detail.
**WARN: (IMPVL-159):	Pin 'VDD' of cell 'XOR3X1' is defined in LEF but not in the timing library.
Type 'man IMPVL-159' for more detail.
**WARN: (IMPVL-159):	Pin 'VSS' of cell 'XOR3X1' is defined in LEF but not in the timing library.
Type 'man IMPVL-159' for more detail.
**WARN: (IMPVL-159):	Pin 'VSS' of cell 'XOR2XL' is defined in LEF but not in the timing library.
Type 'man IMPVL-159' for more detail.
**WARN: (IMPVL-159):	Pin 'VDD' of cell 'XOR2XL' is defined in LEF but not in the timing library.
Type 'man IMPVL-159' for more detail.
**WARN: (IMPVL-159):	Pin 'VSS' of cell 'XOR2X4' is defined in LEF but not in the timing library.
Type 'man IMPVL-159' for more detail.
**WARN: (IMPVL-159):	Pin 'VDD' of cell 'XOR2X4' is defined in LEF but not in the timing library.
Type 'man IMPVL-159' for more detail.
**WARN: (IMPVL-159):	Pin 'VSS' of cell 'XOR2X2' is defined in LEF but not in the timing library.
Type 'man IMPVL-159' for more detail.
**WARN: (IMPVL-159):	Pin 'VDD' of cell 'XOR2X2' is defined in LEF but not in the timing library.
Type 'man IMPVL-159' for more detail.
**WARN: (IMPVL-159):	Pin 'VSS' of cell 'XOR2X1' is defined in LEF but not in the timing library.
Type 'man IMPVL-159' for more detail.
**WARN: (IMPVL-159):	Pin 'VDD' of cell 'XOR2X1' is defined in LEF but not in the timing library.
Type 'man IMPVL-159' for more detail.
**WARN: (IMPVL-159):	Pin 'VSS' of cell 'XNOR3XL' is defined in LEF but not in the timing library.
Type 'man IMPVL-159' for more detail.
**WARN: (IMPVL-159):	Pin 'VDD' of cell 'XNOR3XL' is defined in LEF but not in the timing library.
Type 'man IMPVL-159' for more detail.
**WARN: (IMPVL-159):	Pin 'VDD' of cell 'XNOR3X1' is defined in LEF but not in the timing library.
Type 'man IMPVL-159' for more detail.
**WARN: (IMPVL-159):	Pin 'VSS' of cell 'XNOR3X1' is defined in LEF but not in the timing library.
Type 'man IMPVL-159' for more detail.
**WARN: (IMPVL-159):	Pin 'VSS' of cell 'XNOR2XL' is defined in LEF but not in the timing library.
Type 'man IMPVL-159' for more detail.
**WARN: (IMPVL-159):	Pin 'VDD' of cell 'XNOR2XL' is defined in LEF but not in the timing library.
Type 'man IMPVL-159' for more detail.
**WARN: (IMPVL-159):	Pin 'VSS' of cell 'XNOR2X4' is defined in LEF but not in the timing library.
Type 'man IMPVL-159' for more detail.
**WARN: (IMPVL-159):	Pin 'VDD' of cell 'XNOR2X4' is defined in LEF but not in the timing library.
Type 'man IMPVL-159' for more detail.
**WARN: (EMS-27):	Message (IMPVL-159) has exceeded the current message display limit of 20.
To increase the message display limit, refer to the product command reference manual.
Created 479 new cells from 1 timing libraries.
Reading netlist ...
Backslashed names will retain backslash and a trailing blank character.
Reading verilog netlist '../synthesis/booth_netlist.v'

*** Memory Usage v#1 (Current mem = 1071.586M, initial mem = 483.863M) ***
*** End netlist parsing (cpu=0:00:00.0, real=0:00:00.0, mem=1071.6M) ***
% End Load netlist data ... (date=06/23 10:15:06, total cpu=0:00:00.0, real=0:00:00.0, peak res=641.4M, current mem=641.4M)
Top level cell is booth_multiplier.
Hooked 479 DB cells to tlib cells.
Starting recursive module instantiation check.
No recursion found.
Building hierarchical netlist for Cell booth_multiplier ...
*** Netlist is unique.
** info: there are 488 modules.
** info: there are 158 stdCell insts.

*** Memory Usage v#1 (Current mem = 1126.000M, initial mem = 483.863M) ***
**WARN: (IMPFP-3961):	The techSite 'pad' has no related standard cells in the LEF/OA library. The calculations for this site type cannot be made unless standard cell models of this type exist in the LEF/OA library. Ignore this warning if the SITE is not used by the library. Alternatively, remove the SITE definition for the LEF/OA library to avoid this message.
Type 'man IMPFP-3961' for more detail.
**WARN: (IMPFP-3961):	The techSite 'corner' has no related standard cells in the LEF/OA library. The calculations for this site type cannot be made unless standard cell models of this type exist in the LEF/OA library. Ignore this warning if the SITE is not used by the library. Alternatively, remove the SITE definition for the LEF/OA library to avoid this message.
Type 'man IMPFP-3961' for more detail.
Horizontal Layer M1 offset = 290 (derived)
Vertical Layer M2 offset = 290 (derived)
Start create_tracks
Generated pitch 0.29 in Metal8 is different from 0.87 defined in technology file in unpreferred direction.
Extraction setup Started 
Initializing multi-corner RC extraction with 1 active RC Corners ...
**WARN: (IMPEXT-6202):	In addition to the technology file, the capacitance table file is specified for all the RC corners. If the technology file  is already specified for all the RC corners, the capacitance table file is not required for preRoute and postRoute extraction. In a new session, the capacitance table files can be removed from the create_rc_corner command to enable the technology file to be used for preRoute and postRoute (effort level medium/high/signoff) extraction engines.
Type 'man IMPEXT-6202' for more detail.
Reading Capacitance Table File ../../../../install/FOUNDRY/digital/90nm/dig/captable/gpdk090.lef.extended.CapTbl ...
Cap table was created using Encounter 05.20-s112_1.
Process name: gpdk090_9l.
Importing multi-corner RC tables ... 
Summary of Active RC-Corners : 
 
 Analysis View: worst_case
    RC-Corner Name        : rc_corner
    RC-Corner Index       : 0
    RC-Corner Temperature : 125 Celsius
    RC-Corner Cap Table   : '../../../../install/FOUNDRY/digital/90nm/dig/captable/gpdk090.lef.extended.CapTbl'
    RC-Corner PreRoute Res Factor         : 1
    RC-Corner PreRoute Cap Factor         : 1
    RC-Corner PostRoute Res Factor        : 1 {1 1 1}
    RC-Corner PostRoute Cap Factor        : 1 {1 1 1}
    RC-Corner PostRoute XCap Factor       : 1 {1 1 1}
    RC-Corner PreRoute Clock Res Factor   : 1	[Derived from postRoute_res (effortLevel low)]
    RC-Corner PreRoute Clock Cap Factor   : 1	[Derived from postRoute_cap (effortLevel low)]
    RC-Corner PostRoute Clock Cap Factor  : 1 {1 1 1} 	[Derived from postRoute_cap (effortLevel low)]
    RC-Corner PostRoute Clock Res Factor  : 1 {1 1 1} 	[Derived from postRoute_res (effortLevel low)]
    RC-Corner PostRoute Clock coupling capacitance Factor : 1 {1 1 1} 
    RC-Corner Technology file: '../../../../install/FOUNDRY/digital/90nm/dig/qrc/gpdk090_9l.tch'
 
 Analysis View: best_case
    RC-Corner Name        : rc_corner
    RC-Corner Index       : 0
    RC-Corner Temperature : 125 Celsius
    RC-Corner Cap Table   : '../../../../install/FOUNDRY/digital/90nm/dig/captable/gpdk090.lef.extended.CapTbl'
    RC-Corner PreRoute Res Factor         : 1
    RC-Corner PreRoute Cap Factor         : 1
    RC-Corner PostRoute Res Factor        : 1 {1 1 1}
    RC-Corner PostRoute Cap Factor        : 1 {1 1 1}
    RC-Corner PostRoute XCap Factor       : 1 {1 1 1}
    RC-Corner PreRoute Clock Res Factor   : 1	[Derived from postRoute_res (effortLevel low)]
    RC-Corner PreRoute Clock Cap Factor   : 1	[Derived from postRoute_cap (effortLevel low)]
    RC-Corner PostRoute Clock Cap Factor  : 1 {1 1 1} 	[Derived from postRoute_cap (effortLevel low)]
    RC-Corner PostRoute Clock Res Factor  : 1 {1 1 1} 	[Derived from postRoute_res (effortLevel low)]
    RC-Corner PostRoute Clock coupling capacitance Factor : 1 {1 1 1} 
    RC-Corner Technology file: '../../../../install/FOUNDRY/digital/90nm/dig/qrc/gpdk090_9l.tch'
Updating RC grid for preRoute extraction ...
Initializing multi-corner capacitance tables ... 
Initializing multi-corner resistance tables ...
*Info: initialize multi-corner CTS.
Reading timing constraints file 'output_constraints.sdc' ...
Current (total cpu=0:04:06, real=0:16:43, peak res=975.0M, current mem=963.3M)
**WARN: (TCLCMD-1461):	Skipped unsupported command: set_units (File output_constraints.sdc, Line 9).

**WARN: (TCLCMD-1461):	Skipped unsupported command: set_units (File output_constraints.sdc, Line 10).

booth_multiplier
INFO (CTE): Reading of timing constraints file output_constraints.sdc completed, with 2 WARNING
Ending "Constraint file reading stats" (total cpu=0:00:00.0, real=0:00:00.0, peak res=983.1M, current mem=983.1M)
Current (total cpu=0:04:06, real=0:16:43, peak res=983.1M, current mem=983.1M)
Total number of combinational cells: 317
Total number of sequential cells: 152
Total number of tristate cells: 10
Total number of level shifter cells: 0
Total number of power gating cells: 0
Total number of isolation cells: 0
Total number of power switch cells: 0
Total number of pulse generator cells: 0
Total number of always on buffers: 0
Total number of retention cells: 0
List of usable buffers: BUFX2 BUFX12 BUFX16 BUFX20 CLKBUFX2 BUFX3 BUFX4 BUFX6 BUFX8 CLKBUFX12 CLKBUFX16 CLKBUFX20 CLKBUFX3 CLKBUFX4 CLKBUFX6 CLKBUFX8
Total number of usable buffers: 16
List of unusable buffers:
Total number of unusable buffers: 0
List of usable inverters: CLKINVX1 CLKINVX2 CLKINVX12 CLKINVX16 CLKINVX20 CLKINVX3 CLKINVX4 CLKINVX6 CLKINVX8 INVX1 INVX2 INVX12 INVX16 INVX20 INVXL INVX3 INVX4 INVX6 INVX8
Total number of usable inverters: 19
List of unusable inverters:
Total number of unusable inverters: 0
List of identified usable delay cells: DLY1X1 DLY1X4 DLY2X1 DLY2X4 DLY3X1 DLY3X4 DLY4X1 DLY4X4
Total number of identified usable delay cells: 8
List of identified unusable delay cells:
Total number of identified unusable delay cells: 0
<CMD> getIoFlowFlag
<CMD> setIoFlowFlag 0
<CMD> floorPlan -coreMarginsBy die -site gsclib090site -r 1 0.7 8 8 8 8
**WARN: (IMPFP-3961):	The techSite 'pad' has no related standard cells in the LEF/OA library. The calculations for this site type cannot be made unless standard cell models of this type exist in the LEF/OA library. Ignore this warning if the SITE is not used by the library. Alternatively, remove the SITE definition for the LEF/OA library to avoid this message.
Type 'man IMPFP-3961' for more detail.
**WARN: (IMPFP-3961):	The techSite 'corner' has no related standard cells in the LEF/OA library. The calculations for this site type cannot be made unless standard cell models of this type exist in the LEF/OA library. Ignore this warning if the SITE is not used by the library. Alternatively, remove the SITE definition for the LEF/OA library to avoid this message.
Type 'man IMPFP-3961' for more detail.
Horizontal Layer M1 offset = 290 (derived)
Vertical Layer M2 offset = 290 (derived)
Start create_tracks
Generated pitch 0.29 in Metal8 is different from 0.87 defined in technology file in unpreferred direction.
<CMD> uiSetTool select
<CMD> getIoFlowFlag
<CMD> fit
<CMD> clearGlobalNets
<CMD> globalNetConnect VDD -type pgpin -pin VDD -instanceBasename * -hierarchicalInstance {}
<CMD> globalNetConnect VSS -type pgpin -pin VSS -instanceBasename * -hierarchicalInstance {}
<CMD> set sprCreateIeRingOffset 1.0
<CMD> set sprCreateIeRingThreshold 1.0
<CMD> set sprCreateIeRingJogDistance 1.0
<CMD> set sprCreateIeRingLayers {}
<CMD> set sprCreateIeRingOffset 1.0
<CMD> set sprCreateIeRingThreshold 1.0
<CMD> set sprCreateIeRingJogDistance 1.0
<CMD> set sprCreateIeRingLayers {}
<CMD> set sprCreateIeStripeWidth 10.0
<CMD> set sprCreateIeStripeThreshold 1.0
<CMD> set sprCreateIeStripeWidth 10.0
<CMD> set sprCreateIeStripeThreshold 1.0
<CMD> set sprCreateIeRingOffset 1.0
<CMD> set sprCreateIeRingThreshold 1.0
<CMD> set sprCreateIeRingJogDistance 1.0
<CMD> set sprCreateIeRingLayers {}
<CMD> set sprCreateIeStripeWidth 10.0
<CMD> set sprCreateIeStripeThreshold 1.0

viaInitial starts at Tue Jun 23 10:16:41 2026
viaInitial ends at Tue Jun 23 10:16:41 2026
<CMD> setAddRingMode -ring_target default -extend_over_row 0 -ignore_rows 0 -avoid_short 0 -skip_crossing_trunks none -stacked_via_top_layer Metal9 -stacked_via_bottom_layer Metal1 -via_using_exact_crossover_size 1 -orthogonal_only true -skip_via_on_pin {  standardcell } -skip_via_on_wire_shape {  noshape }
The ring targets are set to core/block ring wires.
addRing command will consider rows while creating rings.
addRing command will disallow rings to go over rows.
addRing command will ignore shorts while creating rings.
<CMD> addRing -nets {VDD VSS} -type core_rings -follow core -layer {top Metal9 bottom Metal9 left Metal8 right Metal8} -width {top 1.8 bottom 1.8 left 1.8 right 1.8} -spacing {top 0.5 bottom 0.5 left 0.5 right 0.5} -offset {top 1.8 bottom 1.8 left 1.8 right 1.8} -center 1 -threshold 0 -jog_distance 0 -snap_wire_center_to_grid None

Loading cell geometries (cpu: 0:00:00.0, real: 0:00:00.0, peak mem: 1633.3M)
Ring generation is complete.
vias are now being generated.
addRing created 8 wires.
ViaGen created 8 vias, deleted 0 via to avoid violation.
+--------+----------------+----------------+
|  Layer |     Created    |     Deleted    |
+--------+----------------+----------------+
| Metal8 |        4       |       NA       |
|  Via8  |        8       |        0       |
| Metal9 |        4       |       NA       |
+--------+----------------+----------------+
<CMD> set sprCreateIeRingOffset 1.0
<CMD> set sprCreateIeRingThreshold 1.0
<CMD> set sprCreateIeRingJogDistance 1.0
<CMD> set sprCreateIeRingLayers {}
<CMD> set sprCreateIeRingOffset 1.0
<CMD> set sprCreateIeRingThreshold 1.0
<CMD> set sprCreateIeRingJogDistance 1.0
<CMD> set sprCreateIeRingLayers {}
<CMD> set sprCreateIeStripeWidth 10.0
<CMD> set sprCreateIeStripeThreshold 1.0
<CMD> set sprCreateIeStripeWidth 10.0
<CMD> set sprCreateIeStripeThreshold 1.0
<CMD> set sprCreateIeRingOffset 1.0
<CMD> set sprCreateIeRingThreshold 1.0
<CMD> set sprCreateIeRingJogDistance 1.0
<CMD> set sprCreateIeRingLayers {}
<CMD> set sprCreateIeStripeWidth 10.0
<CMD> set sprCreateIeStripeThreshold 1.0
<CMD> setAddStripeMode -ignore_block_check false -break_at none -route_over_rows_only false -rows_without_stripes_only false -extend_to_closest_target none -stop_at_last_wire_for_area false -partial_set_thru_domain false -ignore_nondefault_domains false -trim_antenna_back_to_shape none -spacing_type edge_to_edge -spacing_from_block 0 -stripe_min_length stripe_width -stacked_via_top_layer Metal9 -stacked_via_bottom_layer Metal1 -via_using_exact_crossover_size false -split_vias false -orthogonal_only true -allow_jog { padcore_ring  block_ring } -skip_via_on_pin {  standardcell } -skip_via_on_wire_shape {  noshape   }
addStripe will allow jog to connect padcore ring and block ring.

Stripes will stop at the boundary of the specified area.
When breaking rings, the power planner will consider the existence of blocks.
Stripes will not extend to closest target.
The power planner will set stripe antenna targets to none (no trimming allowed).
Stripes will not be created over regions without power planning wires.
The entire stripe set will break at the domain if one of the nets is not in the domain.
addStripe will break automatically at non-default domains when generating global stripes over the core area or default domain.
Offset for stripe breaking is set to 0.
<CMD> addStripe -nets {VDD VSS} -layer Metal9 -direction horizontal -width 1.8 -spacing 0.5 -number_of_sets 4 -start_from bottom -switch_layer_over_obs false -max_same_layer_jog_length 2 -padcore_ring_top_layer_limit Metal9 -padcore_ring_bottom_layer_limit Metal1 -block_ring_top_layer_limit Metal9 -block_ring_bottom_layer_limit Metal1 -use_wire_group 0 -snap_wire_center_to_grid None

Initialize fgc environment(mem: 1636.7M) ...  fail and won't use fgc to check drc(cpu: 0:00:00.0, real: 0:00:00.0, peak mem: 1636.7M)
Loading cell geometries (cpu: 0:00:00.0, real: 0:00:00.0, peak mem: 1636.7M)
Loading wires (cpu: 0:00:00.0, real: 0:00:00.0, peak mem: 1636.7M)
Loading via instances (cpu: 0:00:00.0, real: 0:00:00.0, peak mem: 1636.7M)
Starting stripe generation ...
Non-Default Mode Option Settings :
  NONE
Stripe generation is complete.
vias are now being generated.
addStripe created 8 wires.
ViaGen created 16 vias, deleted 0 via to avoid violation.
+--------+----------------+----------------+
|  Layer |     Created    |     Deleted    |
+--------+----------------+----------------+
|  Via8  |       16       |        0       |
| Metal9 |        8       |       NA       |
+--------+----------------+----------------+
<CMD> setAddStripeMode -ignore_block_check false -break_at none -route_over_rows_only false -rows_without_stripes_only false -extend_to_closest_target none -stop_at_last_wire_for_area false -partial_set_thru_domain false -ignore_nondefault_domains false -trim_antenna_back_to_shape none -spacing_type edge_to_edge -spacing_from_block 0 -stripe_min_length stripe_width -stacked_via_top_layer Metal9 -stacked_via_bottom_layer Metal1 -via_using_exact_crossover_size false -split_vias false -orthogonal_only true -allow_jog { padcore_ring  block_ring } -skip_via_on_pin {  standardcell } -skip_via_on_wire_shape {  noshape   }
addStripe will allow jog to connect padcore ring and block ring.

Stripes will stop at the boundary of the specified area.
When breaking rings, the power planner will consider the existence of blocks.
Stripes will not extend to closest target.
The power planner will set stripe antenna targets to none (no trimming allowed).
Stripes will not be created over regions without power planning wires.
The entire stripe set will break at the domain if one of the nets is not in the domain.
addStripe will break automatically at non-default domains when generating global stripes over the core area or default domain.
Offset for stripe breaking is set to 0.
<CMD> addStripe -nets {VDD VSS} -layer Metal8 -direction vertical -width 1.8 -spacing 0.5 -number_of_sets 4 -start_from left -switch_layer_over_obs false -max_same_layer_jog_length 2 -padcore_ring_top_layer_limit Metal9 -padcore_ring_bottom_layer_limit Metal1 -block_ring_top_layer_limit Metal9 -block_ring_bottom_layer_limit Metal1 -use_wire_group 0 -snap_wire_center_to_grid None

Initialize fgc environment(mem: 1637.0M) ...  fail and won't use fgc to check drc(cpu: 0:00:00.0, real: 0:00:00.0, peak mem: 1637.0M)
Loading cell geometries (cpu: 0:00:00.0, real: 0:00:00.0, peak mem: 1637.0M)
Loading wires (cpu: 0:00:00.0, real: 0:00:00.0, peak mem: 1637.0M)
Loading via instances (cpu: 0:00:00.0, real: 0:00:00.0, peak mem: 1637.0M)
Starting stripe generation ...
Non-Default Mode Option Settings :
  NONE
Stripe generation is complete.
vias are now being generated.
addStripe created 8 wires.
ViaGen created 48 vias, deleted 0 via to avoid violation.
+--------+----------------+----------------+
|  Layer |     Created    |     Deleted    |
+--------+----------------+----------------+
| Metal8 |        8       |       NA       |
|  Via8  |       48       |        0       |
+--------+----------------+----------------+
<CMD> addEndCap -preCap FILL1 -postCap FILL1 -prefix ENDCAP
**WARN: (IMPSP-5224):	Option '-preCap' for command addEndCap is obsolete and has been replaced by 'setEndCapMode -rightEdge cell_name'. 
The obsolete option still works in this release but to avoid this warning and to ensure compatibility with future releases, 
update your script to use 'setEndCapMode -rightEdge cell_name' and 'addEndCap'.
**WARN: (IMPSP-5224):	Option '-postcap' for command addEndCap is obsolete and has been replaced by 'setEndCapMode -leftEdge cell_name'. 
The obsolete option still works in this release but to avoid this warning and to ensure compatibility with future releases, 
update your script to use 'setEndCapMode -rightEdge cell_name' and 'addEndCap'.
**WARN: (IMPSP-5534):	'setEndCapMode -leftEdge' and 'setEndCapMode -rightEdge' are using the same endcap cells
**WARN: (IMPSP-5534):	'setEndCapMode -leftBottomCorner' and 'setEndCapMode -rightBottomCorner' are using the same endcap cells
**WARN: (IMPSP-5534):	'setEndCapMode -leftTopCorner' and 'setEndCapMode -rightTopCorner' are using the same endcap cells
Estimated cell power/ground rail width = 0.326 um
Minimum row-size in sites for endcap insertion = 3.
Minimum number of sites for row blockage       = 1.
Inserted 14 pre-endcap <FILL1> cells (prefix ENDCAP).
Inserted 14 post-endcap <FILL1> cells (prefix ENDCAP).
For 28 new insts, <CMD> setRouteMode -earlyGlobalHonorMsvRouteConstraint false -earlyGlobalRoutePartitionPinGuide true
<CMD> setEndCapMode -reset
<CMD> setEndCapMode -boundary_tap false
<CMD> setNanoRouteMode -quiet -droutePostRouteSpreadWire 1
<CMD> setNanoRouteMode -quiet -droutePostRouteWidenWireRule LEFDefaultRouteSpec_gpdk090
<CMD> setNanoRouteMode -quiet -timingEngine {}
<CMD> setUsefulSkewMode -noBoundary false -maxAllowedDelay 1
<CMD> setPlaceMode -reset
<CMD> setPlaceMode -congEffort auto -timingDriven 1 -clkGateAware 1 -powerDriven 0 -ignoreScan 1 -reorderScan 1 -ignoreSpare 0 -placeIOPins 1 -moduleAwareSpare 0 -preserveRouting 1 -rmAffectedRouting 0 -checkRoute 0 -swapEEQ 0
<CMD> setPlaceMode -fp false
<CMD> place_design
*** placeDesign #1 [begin] : totSession cpu/real = 0:04:19.0/0:19:29.6 (0.2), mem = 1643.8M
*** Starting placeDesign default flow ***
*** Start deleteBufferTree ***
Info: Detect buffers to remove automatically.
Analyzing netlist ...
Updating netlist

*summary: 18 instances (buffers/inverters) removed
*** Finish deleteBufferTree (0:00:00.2) ***
**INFO: Enable pre-place timing setting for timing analysis
Set Using Default Delay Limit as 101.
**WARN: (IMPDC-1629):	The default delay limit was set to 101. This is less than the default of 1000 and may result in inaccurate delay calculation for nets with a fanout higher than the setting.  If needed, the default delay limit may be adjusted by running the command 'set delaycal_use_default_delay_limit'.
Set Default Net Delay as 0 ps.
Set Default Net Load as 0 pF. 
Set Default Input Pin Transition as 1 ps.
**INFO: Analyzing IO path groups for slack adjustment
